<?xml version="1.0" encoding="UTF-8"?>
<testsuite xmlns:xsi="http://www.w3.org/2001/XMLSchema-instance" xsi:noNamespaceSchemaLocation="https://maven.apache.org/surefire/maven-surefire-plugin/xsd/surefire-test-report-3.0.xsd" version="3.0" name="marinemaks.mmdi.MmDiApplicationTests" time="0.918" tests="1" errors="0" skipped="0" failures="0">
  <properties>
[...]
</properties>
  <testcase name="contextLoads" classname="marinemaks.mmdi.MmDiApplicationTests" time="0.429">
    <system-out><![CDATA[23:42:03.079 [main] INFO org.springframework.test.context.support.AnnotationConfigContextLoaderUtils -- Could not detect default configuration classes for test class [marinemaks.mmdi.MmDiApplicationTests]: MmDiApplicationTests does not declare any static, non-private, non-final, nested classes annotated with @Configuration.
23:42:03.122 [main] INFO org.springframework.boot.test.context.SpringBootTestContextBootstrapper -- Found @SpringBootConfiguration marinemaks.mmdi.MmDiApplication for test class marinemaks.mmdi.MmDiApplicationTests

  .   ____          _            __ _ _
 /\\ / ___'_ __ _ _(_)_ __  __ _ \ \ \ \
( ( )\___ | '_ | '_| | '_ \/ _` | \ \ \ \
 \\/  ___)| |_)| | | | | || (_| |  ) ) ) )
  '  |____| .__|_| |_|_| |_\__, | / / / /
 =========|_|==============|___/=/_/_/_/
 :: Spring Boot ::                (v3.2.0)

2023-12-18T23:42:03.278Z  INFO 32880 --- [           main] marinemaks.mmdi.MmDiApplicationTests     : Starting MmDiApplicationTests using Java 17.0.2 with PID 32880 (started by mariia.maksimova in /Users/mariia.maksimova/Courses/mm-di)
2023-12-18T23:42:03.280Z  INFO 32880 --- [           main] marinemaks.mmdi.MmDiApplicationTests     : The following 2 profiles are active: "cat", "ES"
2023-12-18T23:42:03.491Z  INFO 32880 --- [           main] marinemaks.mmdi.MmDiApplicationTests     : Started MmDiApplicationTests in 0.321 seconds (process running for 0.759)
]]></system-out>
  </testcase>
</testsuite>